# JRE version: OpenJDK Runtime Environment GraalVM CE 22.3.0 (17.0.5+8) (build 17.0.5+8-jvmci-22.3-b08)
# Java VM: OpenJDK 64-Bit Server VM GraalVM CE 22.3.0 (17.0.5+8-jvmci-22.3-b08, mixed mode, sharing, tiered, jvmci, jvmci compiler, compressed oops, compressed class ptrs, parallel gc, linux-amd64)
GC Precious Log:
 CPUs: 8 total, 1 available
 Memory: 1024M
 Large Page Support: Disabled
 NUMA Support: Disabled
 Compressed Oops: Enabled (32-bit)
 Alignments: Space 512K, Generation 512K, Heap 2M
 Heap Min Capacity: 100M
 Heap Initial Capacity: 100M
 Heap Max Capacity: 512M
 Pre-touch: Disabled
 Parallel Workers: 1
Heap:
 PSYoungGen      total 41984K, used 30719K [0x00000000f5580000, 0x00000000f8b80000, 0x0000000100000000)
  eden space 30720K, 99% used [0x00000000f5580000,0x00000000f737fff0,0x00000000f7380000)
  from space 11264K, 0% used [0x00000000f7380000,0x00000000f7380000,0x00000000f7e80000)
  to   space 10752K, 0% used [0x00000000f8100000,0x00000000f8100000,0x00000000f8b80000)
 ParOldGen       total 349696K, used 349696K [0x00000000e0000000, 0x00000000f5580000, 0x00000000f5580000)
  object space 349696K, 100% used [0x00000000e0000000,0x00000000f5580000,0x00000000f5580000)
 Metaspace       used 58452K, committed 59648K, reserved 1105920K
  class space    used 5834K, committed 6272K, reserved 1048576K
GC Heap History (20 events):
Event: 626.693 GC heap before
{Heap before GC invocations=570 (full 439):
 PSYoungGen      total 41984K, used 30719K [0x00000000f5580000, 0x00000000f8b80000, 0x0000000100000000)
  eden space 30720K, 99% used [0x00000000f5580000,0x00000000f737ff98,0x00000000f7380000)
  from space 11264K, 0% used [0x00000000f7380000,0x00000000f7380000,0x00000000f7e80000)
  to   space 10752K, 0% used [0x00000000f8100000,0x00000000f8100000,0x00000000f8b80000)
 ParOldGen       total 349696K, used 349693K [0x00000000e0000000, 0x00000000f5580000, 0x00000000f5580000)
  object space 349696K, 99% used [0x00000000e0000000,0x00000000f557f7a0,0x00000000f5580000)
 Metaspace       used 58452K, committed 59648K, reserved 1105920K
  class space    used 5834K, committed 6272K, reserved 1048576K
}
Event: 628.270 GC heap after
{Heap after GC invocations=570 (full 439):
 PSYoungGen      total 41472K, used 30719K [0x00000000f5580000, 0x00000000f8b80000, 0x0000000100000000)
  eden space 30720K, 99% used [0x00000000f5580000,0x00000000f737ff98,0x00000000f7380000)
  from space 10752K, 0% used [0x00000000f8100000,0x00000000f8100000,0x00000000f8b80000)
  to   space 11264K, 0% used [0x00000000f7380000,0x00000000f7380000,0x00000000f7e80000)
 ParOldGen       total 349696K, used 349692K [0x00000000e0000000, 0x00000000f5580000, 0x00000000f5580000)
  object space 349696K, 99% used [0x00000000e0000000,0x00000000f557f200,0x00000000f5580000)
 Metaspace       used 58452K, committed 59648K, reserved 1105920K
  class space    used 5834K, committed 6272K, reserved 1048576K
}
Event: 628.271 GC heap before
{Heap before GC invocations=571 (full 440):
 PSYoungGen      total 41472K, used 30719K [0x00000000f5580000, 0x00000000f8b80000, 0x0000000100000000)
  eden space 30720K, 99% used [0x00000000f5580000,0x00000000f737fff8,0x00000000f7380000)
  from space 10752K, 0% used [0x00000000f8100000,0x00000000f8100000,0x00000000f8b80000)
  to   space 11264K, 0% used [0x00000000f7380000,0x00000000f7380000,0x00000000f7e80000)
 ParOldGen       total 349696K, used 349695K [0x00000000e0000000, 0x00000000f5580000, 0x00000000f5580000)
  object space 349696K, 99% used [0x00000000e0000000,0x00000000f557fff8,0x00000000f5580000)
 Metaspace       used 58452K, committed 59648K, reserved 1105920K
  class space    used 5834K, committed 6272K, reserved 1048576K
}
Event: 629.731 GC heap after
{Heap after GC invocations=571 (full 440):
 PSYoungGen      total 41984K, used 30719K [0x00000000f5580000, 0x00000000f8b80000, 0x0000000100000000)
  eden space 30720K, 99% used [0x00000000f5580000,0x00000000f737fc60,0x00000000f7380000)
  from space 11264K, 0% used [0x00000000f7380000,0x00000000f7380000,0x00000000f7e80000)
  to   space 10752K, 0% used [0x00000000f8100000,0x00000000f8100000,0x00000000f8b80000)
 ParOldGen       total 349696K, used 349695K [0x00000000e0000000, 0x00000000f5580000, 0x00000000f5580000)
  object space 349696K, 99% used [0x00000000e0000000,0x00000000f557ffe0,0x00000000f5580000)
 Metaspace       used 58452K, committed 59648K, reserved 1105920K
  class space    used 5834K, committed 6272K, reserved 1048576K
}
Event: 629.738 GC heap before
{Heap before GC invocations=572 (full 441):
 PSYoungGen      total 41984K, used 30720K [0x00000000f5580000, 0x00000000f8b80000, 0x0000000100000000)
  eden space 30720K, 100% used [0x00000000f5580000,0x00000000f7380000,0x00000000f7380000)
  from space 11264K, 0% used [0x00000000f7380000,0x00000000f7380000,0x00000000f7e80000)
  to   space 10752K, 0% used [0x00000000f8100000,0x00000000f8100000,0x00000000f8b80000)
 ParOldGen       total 349696K, used 349695K [0x00000000e0000000, 0x00000000f5580000, 0x00000000f5580000)
  object space 349696K, 99% used [0x00000000e0000000,0x00000000f557ffe0,0x00000000f5580000)
 Metaspace       used 58452K, committed 59648K, reserved 1105920K
  class space    used 5834K, committed 6272K, reserved 1048576K
}
Event: 631.446 GC heap after
{Heap after GC invocations=572 (full 441):
 PSYoungGen      total 41472K, used 30719K [0x00000000f5580000, 0x00000000f8b80000, 0x0000000100000000)
  eden space 30720K, 99% used [0x00000000f5580000,0x00000000f737ffa0,0x00000000f7380000)
  from space 10752K, 0% used [0x00000000f8100000,0x00000000f8100000,0x00000000f8b80000)
  to   space 11264K, 0% used [0x00000000f7380000,0x00000000f7380000,0x00000000f7e80000)
 ParOldGen       total 349696K, used 349695K [0x00000000e0000000, 0x00000000f5580000, 0x00000000f5580000)
  object space 349696K, 99% used [0x00000000e0000000,0x00000000f557ff98,0x00000000f5580000)
 Metaspace       used 58452K, committed 59648K, reserved 1105920K
  class space    used 5834K, committed 6272K, reserved 1048576K
}
Event: 631.447 GC heap before
{Heap before GC invocations=573 (full 442):
 PSYoungGen      total 41472K, used 30719K [0x00000000f5580000, 0x00000000f8b80000, 0x0000000100000000)
  eden space 30720K, 99% used [0x00000000f5580000,0x00000000f737ffe8,0x00000000f7380000)
  from space 10752K, 0% used [0x00000000f8100000,0x00000000f8100000,0x00000000f8b80000)
  to   space 11264K, 0% used [0x00000000f7380000,0x00000000f7380000,0x00000000f7e80000)
 ParOldGen       total 349696K, used 349695K [0x00000000e0000000, 0x00000000f5580000, 0x00000000f5580000)
  object space 349696K, 99% used [0x00000000e0000000,0x00000000f557ff98,0x00000000f5580000)
 Metaspace       used 58452K, committed 59648K, reserved 1105920K
  class space    used 5834K, committed 6272K, reserved 1048576K
}
Event: 632.745 GC heap after
{Heap after GC invocations=573 (full 442):
 PSYoungGen      total 41984K, used 30719K [0x00000000f5580000, 0x00000000f8b80000, 0x0000000100000000)
  eden space 30720K, 99% used [0x00000000f5580000,0x00000000f737ffe8,0x00000000f7380000)
  from space 11264K, 0% used [0x00000000f7380000,0x00000000f7380000,0x00000000f7e80000)
  to   space 10752K, 0% used [0x00000000f8100000,0x00000000f8100000,0x00000000f8b80000)
 ParOldGen       total 349696K, used 349695K [0x00000000e0000000, 0x00000000f5580000, 0x00000000f5580000)
  object space 349696K, 99% used [0x00000000e0000000,0x00000000f557ff98,0x00000000f5580000)
 Metaspace       used 58452K, committed 59648K, reserved 1105920K
  class space    used 5834K, committed 6272K, reserved 1048576K
}
Event: 632.745 GC heap before
{Heap before GC invocations=574 (full 443):
 PSYoungGen      total 41984K, used 30719K [0x00000000f5580000, 0x00000000f8b80000, 0x0000000100000000)
  eden space 30720K, 99% used [0x00000000f5580000,0x00000000f737ffe8,0x00000000f7380000)
  from space 11264K, 0% used [0x00000000f7380000,0x00000000f7380000,0x00000000f7e80000)
  to   space 10752K, 0% used [0x00000000f8100000,0x00000000f8100000,0x00000000f8b80000)
 ParOldGen       total 349696K, used 349695K [0x00000000e0000000, 0x00000000f5580000, 0x00000000f5580000)
  object space 349696K, 99% used [0x00000000e0000000,0x00000000f557ffb8,0x00000000f5580000)
 Metaspace       used 58452K, committed 59648K, reserved 1105920K
  class space    used 5834K, committed 6272K, reserved 1048576K
}
Event: 634.210 GC heap after
{Heap after GC invocations=574 (full 443):
 PSYoungGen      total 41472K, used 30719K [0x00000000f5580000, 0x00000000f8b80000, 0x0000000100000000)
  eden space 30720K, 99% used [0x00000000f5580000,0x00000000f737ffe8,0x00000000f7380000)
  from space 10752K, 0% used [0x00000000f8100000,0x00000000f8100000,0x00000000f8b80000)
  to   space 11264K, 0% used [0x00000000f7380000,0x00000000f7380000,0x00000000f7e80000)
 ParOldGen       total 349696K, used 349695K [0x00000000e0000000, 0x00000000f5580000, 0x00000000f5580000)
  object space 349696K, 99% used [0x00000000e0000000,0x00000000f557ffb8,0x00000000f5580000)
 Metaspace       used 58452K, committed 59648K, reserved 1105920K
  class space    used 5834K, committed 6272K, reserved 1048576K
}
Event: 634.210 GC heap before
{Heap before GC invocations=575 (full 444):
 PSYoungGen      total 41472K, used 30719K [0x00000000f5580000, 0x00000000f8b80000, 0x0000000100000000)
  eden space 30720K, 99% used [0x00000000f5580000,0x00000000f737ffe8,0x00000000f7380000)
  from space 10752K, 0% used [0x00000000f8100000,0x00000000f8100000,0x00000000f8b80000)
  to   space 11264K, 0% used [0x00000000f7380000,0x00000000f7380000,0x00000000f7e80000)
 ParOldGen       total 349696K, used 349695K [0x00000000e0000000, 0x00000000f5580000, 0x00000000f5580000)
  object space 349696K, 99% used [0x00000000e0000000,0x00000000f557ffb8,0x00000000f5580000)
 Metaspace       used 58452K, committed 59648K, reserved 1105920K
  class space    used 5834K, committed 6272K, reserved 1048576K
}
Event: 635.628 GC heap after
{Heap after GC invocations=575 (full 444):
 PSYoungGen      total 41984K, used 30719K [0x00000000f5580000, 0x00000000f8b80000, 0x0000000100000000)
  eden space 30720K, 99% used [0x00000000f5580000,0x00000000f737ffe8,0x00000000f7380000)
  from space 11264K, 0% used [0x00000000f7380000,0x00000000f7380000,0x00000000f7e80000)
  to   space 10752K, 0% used [0x00000000f8100000,0x00000000f8100000,0x00000000f8b80000)
 ParOldGen       total 349696K, used 349695K [0x00000000e0000000, 0x00000000f5580000, 0x00000000f5580000)
  object space 349696K, 99% used [0x00000000e0000000,0x00000000f557ffb8,0x00000000f5580000)
 Metaspace       used 58452K, committed 59648K, reserved 1105920K
  class space    used 5834K, committed 6272K, reserved 1048576K
}
Event: 635.629 GC heap before
{Heap before GC invocations=576 (full 445):
 PSYoungGen      total 41984K, used 30719K [0x00000000f5580000, 0x00000000f8b80000, 0x0000000100000000)
  eden space 30720K, 99% used [0x00000000f5580000,0x00000000f737ffe8,0x00000000f7380000)
  from space 11264K, 0% used [0x00000000f7380000,0x00000000f7380000,0x00000000f7e80000)
  to   space 10752K, 0% used [0x00000000f8100000,0x00000000f8100000,0x00000000f8b80000)
 ParOldGen       total 349696K, used 349695K [0x00000000e0000000, 0x00000000f5580000, 0x00000000f5580000)
  object space 349696K, 99% used [0x00000000e0000000,0x00000000f557ffd8,0x00000000f5580000)
 Metaspace       used 58452K, committed 59648K, reserved 1105920K
  class space    used 5834K, committed 6272K, reserved 1048576K
}
Event: 637.034 GC heap after
{Heap after GC invocations=576 (full 445):
 PSYoungGen      total 41472K, used 30718K [0x00000000f5580000, 0x00000000f8b80000, 0x0000000100000000)
  eden space 30720K, 99% used [0x00000000f5580000,0x00000000f737fb28,0x00000000f7380000)
  from space 10752K, 0% used [0x00000000f8100000,0x00000000f8100000,0x00000000f8b80000)
  to   space 11264K, 0% used [0x00000000f7380000,0x00000000f7380000,0x00000000f7e80000)
 ParOldGen       total 349696K, used 349693K [0x00000000e0000000, 0x00000000f5580000, 0x00000000f5580000)
  object space 349696K, 99% used [0x00000000e0000000,0x00000000f557f738,0x00000000f5580000)
 Metaspace       used 58452K, committed 59648K, reserved 1105920K
  class space    used 5834K, committed 6272K, reserved 1048576K
}
Event: 637.035 GC heap before
{Heap before GC invocations=577 (full 446):
 PSYoungGen      total 41472K, used 30719K [0x00000000f5580000, 0x00000000f8b80000, 0x0000000100000000)
  eden space 30720K, 99% used [0x00000000f5580000,0x00000000f737fff8,0x00000000f7380000)
  from space 10752K, 0% used [0x00000000f8100000,0x00000000f8100000,0x00000000f8b80000)
  to   space 11264K, 0% used [0x00000000f7380000,0x00000000f7380000,0x00000000f7e80000)
 ParOldGen       total 349696K, used 349693K [0x00000000e0000000, 0x00000000f5580000, 0x00000000f5580000)
  object space 349696K, 99% used [0x00000000e0000000,0x00000000f557f738,0x00000000f5580000)
 Metaspace       used 58452K, committed 59648K, reserved 1105920K
  class space    used 5834K, committed 6272K, reserved 1048576K
}
Event: 638.513 GC heap after
{Heap after GC invocations=577 (full 446):
 PSYoungGen      total 41984K, used 30719K [0x00000000f5580000, 0x00000000f8b80000, 0x0000000100000000)
  eden space 30720K, 99% used [0x00000000f5580000,0x00000000f737fe58,0x00000000f7380000)
  from space 11264K, 0% used [0x00000000f7380000,0x00000000f7380000,0x00000000f7e80000)
  to   space 10752K, 0% used [0x00000000f8100000,0x00000000f8100000,0x00000000f8b80000)
 ParOldGen       total 349696K, used 349693K [0x00000000e0000000, 0x00000000f5580000, 0x00000000f5580000)
  object space 349696K, 99% used [0x00000000e0000000,0x00000000f557f738,0x00000000f5580000)
 Metaspace       used 58452K, committed 59648K, reserved 1105920K
  class space    used 5834K, committed 6272K, reserved 1048576K
}
Event: 638.513 GC heap before
{Heap before GC invocations=578 (full 447):
 PSYoungGen      total 41984K, used 30719K [0x00000000f5580000, 0x00000000f8b80000, 0x0000000100000000)
  eden space 30720K, 99% used [0x00000000f5580000,0x00000000f737ff40,0x00000000f7380000)
  from space 11264K, 0% used [0x00000000f7380000,0x00000000f7380000,0x00000000f7e80000)
  to   space 10752K, 0% used [0x00000000f8100000,0x00000000f8100000,0x00000000f8b80000)
 ParOldGen       total 349696K, used 349693K [0x00000000e0000000, 0x00000000f5580000, 0x00000000f5580000)
  object space 349696K, 99% used [0x00000000e0000000,0x00000000f557f738,0x00000000f5580000)
 Metaspace       used 58452K, committed 59648K, reserved 1105920K
  class space    used 5834K, committed 6272K, reserved 1048576K
}
Event: 639.738 GC heap after
{Heap after GC invocations=578 (full 447):
 PSYoungGen      total 41472K, used 30719K [0x00000000f5580000, 0x00000000f8b80000, 0x0000000100000000)
  eden space 30720K, 99% used [0x00000000f5580000,0x00000000f737fe70,0x00000000f7380000)
  from space 10752K, 0% used [0x00000000f8100000,0x00000000f8100000,0x00000000f8b80000)
  to   space 11264K, 0% used [0x00000000f7380000,0x00000000f7380000,0x00000000f7e80000)
 ParOldGen       total 349696K, used 349693K [0x00000000e0000000, 0x00000000f5580000, 0x00000000f5580000)
  object space 349696K, 99% used [0x00000000e0000000,0x00000000f557f738,0x00000000f5580000)
 Metaspace       used 58452K, committed 59648K, reserved 1105920K
  class space    used 5834K, committed 6272K, reserved 1048576K
}
Event: 639.738 GC heap before
{Heap before GC invocations=579 (full 448):
 PSYoungGen      total 41472K, used 30719K [0x00000000f5580000, 0x00000000f8b80000, 0x0000000100000000)
  eden space 30720K, 99% used [0x00000000f5580000,0x00000000f737fe70,0x00000000f7380000)
  from space 10752K, 0% used [0x00000000f8100000,0x00000000f8100000,0x00000000f8b80000)
  to   space 11264K, 0% used [0x00000000f7380000,0x00000000f7380000,0x00000000f7e80000)
 ParOldGen       total 349696K, used 349693K [0x00000000e0000000, 0x00000000f5580000, 0x00000000f5580000)
  object space 349696K, 99% used [0x00000000e0000000,0x00000000f557f738,0x00000000f5580000)
 Metaspace       used 58452K, committed 59648K, reserved 1105920K
  class space    used 5834K, committed 6272K, reserved 1048576K
}
Event: 641.124 GC heap after
{Heap after GC invocations=579 (full 448):
 PSYoungGen      total 41984K, used 30719K [0x00000000f5580000, 0x00000000f8b80000, 0x0000000100000000)
  eden space 30720K, 99% used [0x00000000f5580000,0x00000000f737fe70,0x00000000f7380000)
  from space 11264K, 0% used [0x00000000f7380000,0x00000000f7380000,0x00000000f7e80000)
  to   space 10752K, 0% used [0x00000000f8100000,0x00000000f8100000,0x00000000f8b80000)
 ParOldGen       total 349696K, used 349693K [0x00000000e0000000, 0x00000000f5580000, 0x00000000f5580000)
  object space 349696K, 99% used [0x00000000e0000000,0x00000000f557f738,0x00000000f5580000)
 Metaspace       used 58452K, committed 59648K, reserved 1105920K
  class space    used 5834K, committed 6272K, reserved 1048576K
}

